2021-04-27 18:04:17,200 INFO - [7] Starting generation with seed 2754052347
2021-04-27 18:04:17,211 DEBUG - [52] Initializing thread with seed : 371684724
2021-04-27 18:04:17,212 INFO - [52] complex_test_0000/0003
2021-04-27 18:04:17,213 INFO - [52] Generating image with size (2479, 3508)
2021-04-27 18:04:17,216 DEBUG - [53] Initializing thread with seed : 601844308
2021-04-27 18:04:17,217 INFO - [53] complex_test_0001/0003
2021-04-27 18:04:17,218 INFO - [53] Generating image with size (2479, 3508)
2021-04-27 18:04:17,221 DEBUG - [54] Initializing thread with seed : 1974084201
2021-04-27 18:04:17,222 INFO - [54] complex_test_0002/0003
2021-04-27 18:04:17,224 INFO - [54] Generating image with size (2479, 3508)
2021-04-27 18:04:17,232 DEBUG - [52] Generating container with size (2479, 3508)
2021-04-27 18:04:17,237 DEBUG - [53] Generating container with size (2479, 3508)
2021-04-27 18:04:17,251 DEBUG - [54] Generating container with size (2479, 3508)
2021-04-27 18:04:17,241 DEBUG - [55] Initializing thread with seed : 3762078758
2021-04-27 18:04:17,253 DEBUG - [56] Initializing thread with seed : 3775255459
2021-04-27 18:04:17,254 DEBUG - [57] Initializing thread with seed : 3164717180
2021-04-27 18:04:17,258 DEBUG - [58] Initializing thread with seed : 1808388646
2021-04-27 18:04:17,263 INFO - [52] Generating image with size (2479, 3508)
2021-04-27 18:04:17,264 INFO - [53] Generating image with size (2479, 3508)
2021-04-27 18:04:17,270 DEBUG - [59] Initializing thread with seed : 1091319016
2021-04-27 18:04:17,279 INFO - [54] Generating image with size (2479, 3508)
2021-04-27 18:04:17,281 INFO - [53] Generating image with size (2479, 701)
2021-04-27 18:04:17,327 DEBUG - [52] Can't fit with font size fill, filling...
2021-04-27 18:04:17,372 DEBUG - [54] Can't fit with font size fill, filling...
2021-04-27 18:04:17,437 DEBUG - [52] Can't fit with font size fill, filling...
2021-04-27 18:04:17,445 DEBUG - [52] Can't fit with font size fill, filling...
2021-04-27 18:04:17,494 DEBUG - [54] Can't fit with font size fill, filling...
2021-04-27 18:04:17,618 DEBUG - [54] Can't fit with font size fill, filling...
2021-04-27 18:04:17,637 DEBUG - [52] Can't fit with font size fill, filling...
2021-04-27 18:04:17,701 DEBUG - [54] Can't fit with font size fill, filling...
2021-04-27 18:04:17,780 DEBUG - [54] Can't fit with font size fill, filling...
2021-04-27 18:04:17,849 DEBUG - [52] Can't fit with font size fill, filling...
2021-04-27 18:04:17,851 DEBUG - [54] Can't fit with font size fill, filling...
2021-04-27 18:04:17,869 DEBUG - [53] Generating container with size (2231, 2720)
2021-04-27 18:04:17,872 DEBUG - [54] Can't fit with font size fill, filling...
2021-04-27 18:04:17,886 INFO - [53] Generating image with size (2231, 2720)
2021-04-27 18:04:18,030 DEBUG - [54] Can't fit with font size fill, filling...
2021-04-27 18:04:18,036 DEBUG - [52] Can't fit with font size fill, filling...
2021-04-27 18:04:18,119 DEBUG - [54] Can't fit with font size fill, filling...
2021-04-27 18:04:18,140 DEBUG - [54] Can't fit with font size fill, filling...
2021-04-27 18:04:18,178 DEBUG - [52] Can't fit with font size fill, filling...
2021-04-27 18:04:18,193 DEBUG - [53] Generating container with size (1003, 1650)
2021-04-27 18:04:18,248 DEBUG - [54] Can't fit with font size fill, filling...
2021-04-27 18:04:18,342 DEBUG - [54] Can't fit with font size fill, filling...
2021-04-27 18:04:18,388 DEBUG - [54] Can't fit with font size fill, filling...
2021-04-27 18:04:18,391 DEBUG - [52] Can't fit with font size fill, filling...
2021-04-27 18:04:18,484 DEBUG - [54] Can't fit with font size fill, filling...
2021-04-27 18:04:18,534 DEBUG - [54] Can't fit with font size fill, filling...
2021-04-27 18:04:18,637 DEBUG - [54] Can't fit with font size fill, filling...
2021-04-27 18:04:18,638 DEBUG - [52] Can't fit with font size fill, filling...
2021-04-27 18:04:18,714 DEBUG - [52] Can't fit with font size fill, filling...
2021-04-27 18:04:18,743 DEBUG - [54] Can't fit with font size fill, filling...
2021-04-27 18:04:18,799 DEBUG - [54] Can't fit with font size fill, filling...
2021-04-27 18:04:18,834 DEBUG - [54] Can't fit with font size fill, filling...
2021-04-27 18:04:18,872 DEBUG - [54] Can't fit with font size fill, filling...
2021-04-27 18:04:18,885 DEBUG - [54] Can't fit with font size fill, filling...
2021-04-27 18:04:18,983 DEBUG - [52] Can't fit with font size fill, filling...
2021-04-27 18:04:19,018 INFO - [53] Generated Image. Applying spoilers
2021-04-27 18:04:19,023 DEBUG - [53] Running Foreground with grey [120, 255]
2021-04-27 18:04:19,058 DEBUG - [54] Can't fit with font size fill, filling...
2021-04-27 18:04:19,121 DEBUG - [52] Can't fit with font size fill, filling...
2021-04-27 18:04:19,178 DEBUG - [54] Can't fit with font size fill, filling...
2021-04-27 18:04:19,247 DEBUG - [54] Can't fit with font size fill, filling...
2021-04-27 18:04:19,269 DEBUG - [54] Can't fit with font size fill, filling...
2021-04-27 18:04:19,284 DEBUG - [52] Can't fit with font size fill, filling...
2021-04-27 18:04:19,349 DEBUG - [54] Can't fit with font size fill, filling...
2021-04-27 18:04:19,458 DEBUG - [54] Can't fit with font size fill, filling...
2021-04-27 18:04:19,469 DEBUG - [52] Can't fit with font size fill, filling...
2021-04-27 18:04:19,493 DEBUG - [52] Can't fit with font size fill, filling...
2021-04-27 18:04:19,549 DEBUG - [54] Can't fit with font size fill, filling...
2021-04-27 18:04:19,588 DEBUG - [53] Running WhiteNoise
2021-04-27 18:04:19,615 DEBUG - [52] Can't fit with font size fill, filling...
2021-04-27 18:04:19,662 DEBUG - [54] Can't fit with font size fill, filling...
2021-04-27 18:04:19,714 DEBUG - [54] Can't fit with font size fill, filling...
2021-04-27 18:04:19,753 DEBUG - [52] Can't fit with font size fill, filling...
2021-04-27 18:04:19,847 DEBUG - [54] Can't fit with font size fill, filling...
2021-04-27 18:04:19,915 DEBUG - [54] Can't fit with font size fill, filling...
2021-04-27 18:04:19,945 DEBUG - [54] Can't fit with font size fill, filling...
2021-04-27 18:04:19,978 DEBUG - [54] Can't fit with font size fill, filling...
2021-04-27 18:04:19,990 DEBUG - [52] Can't fit with font size fill, filling...
2021-04-27 18:04:20,030 DEBUG - [54] Can't fit with font size fill, filling...
2021-04-27 18:04:20,057 DEBUG - [52] Can't fit with font size fill, filling...
2021-04-27 18:04:20,070 DEBUG - [54] Can't fit with font size fill, filling...
2021-04-27 18:04:20,076 DEBUG - [52] Can't fit with font size fill, filling...
2021-04-27 18:04:20,178 DEBUG - [54] Can't fit with font size fill, filling...
2021-04-27 18:04:20,277 DEBUG - [52] Can't fit with font size fill, filling...
2021-04-27 18:04:20,320 DEBUG - [54] Can't fit with font size fill, filling...
2021-04-27 18:04:20,403 DEBUG - [54] Can't fit with font size fill, filling...
2021-04-27 18:04:20,434 DEBUG - [52] Can't fit with font size fill, filling...
2021-04-27 18:04:20,525 DEBUG - [52] Can't fit with font size fill, filling...
2021-04-27 18:04:20,554 DEBUG - [52] Can't fit with font size fill, filling...
2021-04-27 18:04:20,582 DEBUG - [54] Can't fit with font size fill, filling...
2021-04-27 18:04:20,597 DEBUG - [54] Can't fit with font size fill, filling...
2021-04-27 18:04:20,659 DEBUG - [52] Can't fit with font size fill, filling...
2021-04-27 18:04:20,705 DEBUG - [54] Can't fit with font size fill, filling...
2021-04-27 18:04:20,791 DEBUG - [54] Can't fit with font size fill, filling...
2021-04-27 18:04:20,933 DEBUG - [54] Can't fit with font size fill, filling...
2021-04-27 18:04:20,963 DEBUG - [54] Can't fit with font size fill, filling...
2021-04-27 18:04:21,019 DEBUG - [54] Can't fit with font size fill, filling...
2021-04-27 18:04:21,037 DEBUG - [54] Can't fit with font size fill, filling...
2021-04-27 18:04:21,134 DEBUG - [53] Running Background with grey {'distribution': 'normal', 'mu': 350, 'sigma': 10, 'min': 220, 'max': 255}
2021-04-27 18:04:21,199 DEBUG - [54] Can't fit with font size fill, filling...
2021-04-27 18:04:21,211 DEBUG - [54] Can't fit with font size fill, filling...
2021-04-27 18:04:21,232 DEBUG - [54] Can't fit with font size fill, filling...
2021-04-27 18:04:21,317 INFO - [52] Generated Image. Applying spoilers
2021-04-27 18:04:21,353 DEBUG - [54] Can't fit with font size fill, filling...
2021-04-27 18:04:21,360 DEBUG - [52] Running InvertCellBackground spoiler
2021-04-27 18:04:21,386 DEBUG - [52] Running Background with grey [220, 240]
2021-04-27 18:04:21,402 DEBUG - [54] Can't fit with font size fill, filling...
2021-04-27 18:04:21,562 DEBUG - [54] Can't fit with font size fill, filling...
2021-04-27 18:04:21,629 DEBUG - [52] Running InvertCellBackground spoiler
2021-04-27 18:04:21,718 DEBUG - [54] Can't fit with font size fill, filling...
2021-04-27 18:04:21,756 DEBUG - [54] Can't fit with font size fill, filling...
2021-04-27 18:04:21,912 DEBUG - [53] Running Blur with radius 2
2021-04-27 18:04:22,036 DEBUG - [53] Running JPEGCompression with quality: 57 and subsampling 1
2021-04-27 18:04:22,259 DEBUG - [52] Running Background with grey [220, 240]
2021-04-27 18:04:22,342 INFO - [54] Generated Image. Applying spoilers
2021-04-27 18:04:22,345 DEBUG - [54] Running InvertCellBackground spoiler
2021-04-27 18:04:22,361 DEBUG - [54] Running Background with grey [220, 240]
2021-04-27 18:04:22,457 DEBUG - [52] Running Background with grey [220, 240]
2021-04-27 18:04:22,468 DEBUG - [54] Running Background with grey [220, 240]
2021-04-27 18:04:22,594 DEBUG - [52] Running InvertCellBackground spoiler
2021-04-27 18:04:22,633 DEBUG - [54] Running Background with grey [220, 240]
2021-04-27 18:04:22,673 DEBUG - [52] Running Background with grey [220, 240]
2021-04-27 18:04:22,778 DEBUG - [54] Running Background with grey [220, 240]
2021-04-27 18:04:22,793 DEBUG - [52] Running Background with grey [220, 240]
2021-04-27 18:04:22,909 DEBUG - [52] Running Background with grey [220, 240]
2021-04-27 18:04:22,956 DEBUG - [54] Running InvertCellBackground spoiler
2021-04-27 18:04:23,063 DEBUG - [54] Running Background with grey [220, 240]
2021-04-27 18:04:23,076 DEBUG - [52] Running Background with grey [220, 240]
2021-04-27 18:04:23,189 DEBUG - [54] Running Background with grey [220, 240]
2021-04-27 18:04:23,419 DEBUG - [52] Running Background with grey [220, 240]
2021-04-27 18:04:23,448 DEBUG - [54] Running InvertCellBackground spoiler
2021-04-27 18:04:23,499 DEBUG - [54] Running Background with grey [220, 240]
2021-04-27 18:04:23,558 DEBUG - [52] Running Background with grey [220, 240]
2021-04-27 18:04:23,603 DEBUG - [54] Running InvertCellBackground spoiler
2021-04-27 18:04:23,628 DEBUG - [54] Running Background with grey [220, 240]
2021-04-27 18:04:23,672 DEBUG - [52] Running Background with grey [220, 240]
2021-04-27 18:04:23,711 DEBUG - [54] Running Background with grey [220, 240]
2021-04-27 18:04:23,866 DEBUG - [52] Running Foreground with grey [120, 200]
2021-04-27 18:04:23,902 DEBUG - [54] Running InvertCellBackground spoiler
2021-04-27 18:04:23,950 DEBUG - [54] Running Background with grey [220, 240]
2021-04-27 18:04:24,060 DEBUG - [54] Running Background with grey [220, 240]
2021-04-27 18:04:24,151 DEBUG - [54] Running InvertCellBackground spoiler
2021-04-27 18:04:24,210 DEBUG - [54] Running Background with grey [220, 240]
2021-04-27 18:04:24,353 DEBUG - [54] Running Background with grey [220, 240]
2021-04-27 18:04:24,455 DEBUG - [54] Running InvertCellBackground spoiler
2021-04-27 18:04:24,492 DEBUG - [52] Running Blur with radius 2
2021-04-27 18:04:24,503 DEBUG - [54] Running Background with grey [220, 240]
2021-04-27 18:04:24,734 DEBUG - [54] Running Background with grey [220, 240]
2021-04-27 18:04:24,739 DEBUG - [52] Running WhiteNoise
2021-04-27 18:04:24,898 DEBUG - [54] Running Background with grey [220, 240]
2021-04-27 18:04:25,033 DEBUG - [54] Running InvertCellBackground spoiler
2021-04-27 18:04:25,058 DEBUG - [54] Running Background with grey [220, 240]
2021-04-27 18:04:25,199 DEBUG - [54] Running Background with grey [220, 240]
2021-04-27 18:04:25,299 DEBUG - [54] Running InvertCellBackground spoiler
2021-04-27 18:04:25,340 DEBUG - [54] Running Background with grey [220, 240]
2021-04-27 18:04:25,451 DEBUG - [54] Running Background with grey [220, 240]
2021-04-27 18:04:25,673 DEBUG - [54] Running Background with grey [220, 240]
2021-04-27 18:04:25,935 DEBUG - [54] Running JPEGCompression with quality: 52 and subsampling 1
2021-04-27 18:04:28,410 DEBUG - [52] Running JPEGCompression with quality: 38 and subsampling 1
2021-04-27 18:04:44,307 INFO - [7] Starting generation with seed 3669667200
2021-04-27 18:04:44,318 DEBUG - [52] Initializing thread with seed : 3735037572
2021-04-27 18:04:44,320 INFO - [52] complex_test_0000/0003
2021-04-27 18:04:44,320 INFO - [52] Generating image with size (2479, 3508)
2021-04-27 18:04:44,325 DEBUG - [53] Initializing thread with seed : 776288850
2021-04-27 18:04:44,326 INFO - [53] complex_test_0001/0003
2021-04-27 18:04:44,327 INFO - [53] Generating image with size (2479, 3508)
2021-04-27 18:04:44,333 DEBUG - [54] Initializing thread with seed : 3774512772
2021-04-27 18:04:44,335 INFO - [54] complex_test_0002/0003
2021-04-27 18:04:44,336 INFO - [54] Generating image with size (2479, 3508)
2021-04-27 18:04:44,339 DEBUG - [52] Generating container with size (2479, 3508)
2021-04-27 18:04:44,345 DEBUG - [53] Generating container with size (2479, 3508)
2021-04-27 18:04:44,357 DEBUG - [54] Generating container with size (2479, 3508)
2021-04-27 18:04:44,359 INFO - [52] Generating image with size (2479, 3508)
2021-04-27 18:04:44,359 DEBUG - [55] Initializing thread with seed : 746452370
2021-04-27 18:04:44,372 INFO - [53] Generating image with size (2479, 3508)
2021-04-27 18:04:44,373 DEBUG - [56] Initializing thread with seed : 369982382
2021-04-27 18:04:44,384 INFO - [54] Generating image with size (2479, 3508)
2021-04-27 18:04:44,393 INFO - [52] Generating image with size (2479, 701)
2021-04-27 18:04:44,375 DEBUG - [58] Initializing thread with seed : 2376924297
2021-04-27 18:04:44,375 DEBUG - [57] Initializing thread with seed : 2007759724
2021-04-27 18:04:44,395 DEBUG - [59] Initializing thread with seed : 4018842677
2021-04-27 18:04:44,405 INFO - [54] Generating image with size (2479, 701)
2021-04-27 18:04:44,851 DEBUG - [52] Generating container with size (2231, 2681)
2021-04-27 18:04:44,866 INFO - [52] Generating image with size (2231, 2681)
2021-04-27 18:04:44,905 DEBUG - [54] Generating container with size (2231, 2689)
2021-04-27 18:04:44,916 INFO - [54] Generating image with size (2231, 2689)
2021-04-27 18:04:45,152 DEBUG - [52] Generating container with size (1003, 1739)
2021-04-27 18:04:45,157 INFO - [52] Generating image with size (1003, 1739)
2021-04-27 18:04:45,285 DEBUG - [54] Generating container with size (1003, 1507)
2021-04-27 18:04:45,779 INFO - [53] Generated Image. Applying spoilers
2021-04-27 18:04:45,842 INFO - [52] Generated Image. Applying spoilers
2021-04-27 18:04:45,902 DEBUG - [53] Running JPEGCompression with quality: 32 and subsampling 1
2021-04-27 18:04:46,038 DEBUG - [52] Running JPEGCompression with quality: 37 and subsampling 1
2021-04-27 18:04:46,238 INFO - [54] Generated Image. Applying spoilers
2021-04-27 18:04:46,275 DEBUG - [54] Running TextSpoilere with grey: 165 and kernel 3
2021-04-27 18:04:46,446 DEBUG - [54] Running JPEGCompression with quality: 31 and subsampling 1
2021-04-27 18:04:57,078 INFO - [8] Starting generation with seed 2141527280
2021-04-27 18:04:57,087 DEBUG - [53] Initializing thread with seed : 4283929456
2021-04-27 18:04:57,088 INFO - [53] complex_test_0000/0003
2021-04-27 18:04:57,089 INFO - [53] Generating image with size (2479, 3508)
2021-04-27 18:04:57,094 DEBUG - [54] Initializing thread with seed : 841073094
2021-04-27 18:04:57,095 INFO - [54] complex_test_0001/0003
2021-04-27 18:04:57,096 INFO - [54] Generating image with size (2479, 3508)
2021-04-27 18:04:57,099 DEBUG - [55] Initializing thread with seed : 2489185038
2021-04-27 18:04:57,100 INFO - [55] complex_test_0002/0003
2021-04-27 18:04:57,101 INFO - [55] Generating image with size (2479, 3508)
2021-04-27 18:04:57,108 DEBUG - [53] Generating container with size (2479, 3508)
2021-04-27 18:04:57,116 DEBUG - [54] Generating container with size (2479, 3508)
2021-04-27 18:04:57,122 DEBUG - [56] Initializing thread with seed : 3295710536
2021-04-27 18:04:57,128 DEBUG - [57] Initializing thread with seed : 355654225
2021-04-27 18:04:57,133 DEBUG - [55] Generating container with size (2479, 3508)
2021-04-27 18:04:57,137 INFO - [53] Generating image with size (2479, 3508)
2021-04-27 18:04:57,137 DEBUG - [58] Initializing thread with seed : 1930904452
2021-04-27 18:04:57,140 DEBUG - [59] Initializing thread with seed : 1353123739
2021-04-27 18:04:57,145 INFO - [54] Generating image with size (2479, 3508)
2021-04-27 18:04:57,147 DEBUG - [60] Initializing thread with seed : 3269336571
2021-04-27 18:04:57,160 INFO - [55] Generating image with size (2479, 3508)
2021-04-27 18:04:57,166 INFO - [54] Generating image with size (2479, 701)
2021-04-27 18:04:57,182 INFO - [55] Generating image with size (2479, 701)
2021-04-27 18:04:57,242 DEBUG - [53] Can't fit with font size fill, filling...
2021-04-27 18:04:57,396 DEBUG - [53] Can't fit with font size fill, filling...
2021-04-27 18:04:57,495 DEBUG - [55] Generating container with size (2231, 2744)
2021-04-27 18:04:57,506 DEBUG - [53] Can't fit with font size fill, filling...
2021-04-27 18:04:57,506 INFO - [55] Generating image with size (2231, 2744)
2021-04-27 18:04:57,677 DEBUG - [53] Can't fit with font size fill, filling...
2021-04-27 18:04:57,722 DEBUG - [54] Generating container with size (2231, 2705)
2021-04-27 18:04:57,734 INFO - [54] Generating image with size (2231, 2705)
2021-04-27 18:04:57,747 DEBUG - [53] Can't fit with font size fill, filling...
2021-04-27 18:04:57,842 DEBUG - [53] Can't fit with font size fill, filling...
2021-04-27 18:04:57,872 DEBUG - [55] Generating container with size (1003, 1593)
2021-04-27 18:04:57,872 DEBUG - [53] Can't fit with font size fill, filling...
2021-04-27 18:04:57,879 INFO - [55] Generating image with size (1003, 1593)
2021-04-27 18:04:58,051 DEBUG - [53] Can't fit with font size fill, filling...
2021-04-27 18:04:58,124 DEBUG - [54] Can't fit with font size fill, filling...
2021-04-27 18:04:58,202 DEBUG - [54] Can't fit with font size fill, filling...
2021-04-27 18:04:58,228 DEBUG - [53] Can't fit with font size fill, filling...
2021-04-27 18:04:58,255 DEBUG - [54] Can't fit with font size fill, filling...
2021-04-27 18:04:58,272 DEBUG - [54] Can't fit with font size fill, filling...
2021-04-27 18:04:58,285 DEBUG - [54] Can't fit with font size fill, filling...
2021-04-27 18:04:58,295 DEBUG - [54] Can't fit with font size fill, filling...
2021-04-27 18:04:58,318 DEBUG - [54] Can't fit with font size fill, filling...
2021-04-27 18:04:58,358 DEBUG - [53] Can't fit with font size fill, filling...
2021-04-27 18:04:58,368 DEBUG - [54] Can't fit with font size fill, filling...
2021-04-27 18:04:58,375 DEBUG - [54] Can't fit with font size fill, filling...
2021-04-27 18:04:58,404 DEBUG - [54] Can't fit with font size fill, filling...
2021-04-27 18:04:58,473 DEBUG - [54] Can't fit with font size fill, filling...
2021-04-27 18:04:58,481 DEBUG - [54] Can't fit with font size fill, filling...
2021-04-27 18:04:58,485 DEBUG - [53] Can't fit with font size fill, filling...
2021-04-27 18:04:58,498 DEBUG - [54] Can't fit with font size fill, filling...
2021-04-27 18:04:58,523 INFO - [55] Generated Image. Applying spoilers
2021-04-27 18:04:58,550 DEBUG - [54] Can't fit with font size fill, filling...
2021-04-27 18:04:58,556 DEBUG - [53] Can't fit with font size fill, filling...
2021-04-27 18:04:58,558 DEBUG - [54] Can't fit with font size fill, filling...
2021-04-27 18:04:58,566 DEBUG - [54] Can't fit with font size fill, filling...
2021-04-27 18:04:58,639 DEBUG - [55] Running WhiteNoise
2021-04-27 18:04:58,696 DEBUG - [53] Can't fit with font size fill, filling...
2021-04-27 18:04:58,705 DEBUG - [54] Can't fit with font size fill, filling...
2021-04-27 18:04:58,726 DEBUG - [54] Can't fit with font size fill, filling...
2021-04-27 18:04:58,760 DEBUG - [54] Can't fit with font size fill, filling...
2021-04-27 18:04:58,768 DEBUG - [54] Can't fit with font size fill, filling...
2021-04-27 18:04:58,779 DEBUG - [54] Can't fit with font size fill, filling...
2021-04-27 18:04:58,794 DEBUG - [54] Can't fit with font size fill, filling...
2021-04-27 18:04:58,803 DEBUG - [54] Can't fit with font size fill, filling...
2021-04-27 18:04:58,810 DEBUG - [54] Can't fit with font size fill, filling...
2021-04-27 18:04:58,821 DEBUG - [54] Can't fit with font size fill, filling...
2021-04-27 18:04:58,853 DEBUG - [54] Can't fit with font size fill, filling...
2021-04-27 18:04:58,862 DEBUG - [54] Can't fit with font size fill, filling...
2021-04-27 18:04:58,866 DEBUG - [53] Can't fit with font size fill, filling...
2021-04-27 18:04:58,869 DEBUG - [54] Can't fit with font size fill, filling...
2021-04-27 18:04:58,880 DEBUG - [54] Can't fit with font size fill, filling...
2021-04-27 18:04:58,886 DEBUG - [54] Can't fit with font size fill, filling...
2021-04-27 18:04:58,893 DEBUG - [54] Can't fit with font size fill, filling...
2021-04-27 18:04:58,918 DEBUG - [54] Can't fit with font size fill, filling...
2021-04-27 18:04:58,942 DEBUG - [54] Can't fit with font size fill, filling...
2021-04-27 18:04:58,954 DEBUG - [54] Can't fit with font size fill, filling...
2021-04-27 18:04:58,970 DEBUG - [54] Can't fit with font size fill, filling...
2021-04-27 18:04:58,979 DEBUG - [54] Can't fit with font size fill, filling...
2021-04-27 18:04:58,987 DEBUG - [54] Can't fit with font size fill, filling...
2021-04-27 18:04:59,016 DEBUG - [53] Can't fit with font size fill, filling...
2021-04-27 18:04:59,024 DEBUG - [54] Can't fit with font size fill, filling...
2021-04-27 18:04:59,050 DEBUG - [54] Can't fit with font size fill, filling...
2021-04-27 18:04:59,060 DEBUG - [54] Can't fit with font size fill, filling...
2021-04-27 18:04:59,078 DEBUG - [54] Can't fit with font size fill, filling...
2021-04-27 18:04:59,087 DEBUG - [54] Can't fit with font size fill, filling...
2021-04-27 18:04:59,105 DEBUG - [54] Can't fit with font size fill, filling...
2021-04-27 18:04:59,148 DEBUG - [53] Can't fit with font size fill, filling...
2021-04-27 18:04:59,198 DEBUG - [54] Can't fit with font size fill, filling...
2021-04-27 18:04:59,224 DEBUG - [54] Can't fit with font size fill, filling...
2021-04-27 18:04:59,259 DEBUG - [54] Can't fit with font size fill, filling...
2021-04-27 18:04:59,323 DEBUG - [53] Can't fit with font size fill, filling...
2021-04-27 18:04:59,354 DEBUG - [54] Can't fit with font size fill, filling...
2021-04-27 18:04:59,391 DEBUG - [54] Can't fit with font size fill, filling...
2021-04-27 18:04:59,406 DEBUG - [54] Can't fit with font size fill, filling...
2021-04-27 18:04:59,423 DEBUG - [54] Can't fit with font size fill, filling...
2021-04-27 18:04:59,430 DEBUG - [53] Can't fit with font size fill, filling...
2021-04-27 18:04:59,433 DEBUG - [54] Can't fit with font size fill, filling...
2021-04-27 18:04:59,511 DEBUG - [54] Can't fit with font size fill, filling...
2021-04-27 18:04:59,588 DEBUG - [54] Can't fit with font size fill, filling...
2021-04-27 18:04:59,589 DEBUG - [53] Can't fit with font size fill, filling...
2021-04-27 18:04:59,653 DEBUG - [54] Can't fit with font size fill, filling...
2021-04-27 18:04:59,722 DEBUG - [54] Can't fit with font size fill, filling...
2021-04-27 18:04:59,742 DEBUG - [54] Can't fit with font size fill, filling...
2021-04-27 18:04:59,769 DEBUG - [53] Can't fit with font size fill, filling...
2021-04-27 18:04:59,780 DEBUG - [55] Running JPEGCompression with quality: 39 and subsampling 1
2021-04-27 18:04:59,786 DEBUG - [54] Can't fit with font size fill, filling...
2021-04-27 18:04:59,847 DEBUG - [54] Can't fit with font size fill, filling...
2021-04-27 18:04:59,895 DEBUG - [53] Can't fit with font size fill, filling...
2021-04-27 18:04:59,952 DEBUG - [54] Can't fit with font size fill, filling...
2021-04-27 18:04:59,991 DEBUG - [53] Can't fit with font size fill, filling...
2021-04-27 18:05:00,041 DEBUG - [54] Can't fit with font size fill, filling...
2021-04-27 18:05:00,134 DEBUG - [54] Can't fit with font size fill, filling...
2021-04-27 18:05:00,144 DEBUG - [53] Can't fit with font size fill, filling...
2021-04-27 18:05:00,159 DEBUG - [53] Can't fit with font size fill, filling...
2021-04-27 18:05:00,188 DEBUG - [54] Can't fit with font size fill, filling...
2021-04-27 18:05:00,201 DEBUG - [54] Can't fit with font size fill, filling...
2021-04-27 18:05:00,219 DEBUG - [54] Can't fit with font size fill, filling...
2021-04-27 18:05:00,254 DEBUG - [53] Can't fit with font size fill, filling...
2021-04-27 18:05:00,270 DEBUG - [54] Can't fit with font size fill, filling...
2021-04-27 18:05:00,301 DEBUG - [54] Can't fit with font size fill, filling...
2021-04-27 18:05:00,344 DEBUG - [53] Can't fit with font size fill, filling...
2021-04-27 18:05:00,359 DEBUG - [53] Can't fit with font size fill, filling...
2021-04-27 18:05:00,390 DEBUG - [53] Can't fit with font size fill, filling...
2021-04-27 18:05:00,391 DEBUG - [54] Can't fit with font size fill, filling...
2021-04-27 18:05:00,458 DEBUG - [53] Can't fit with font size fill, filling...
2021-04-27 18:05:00,472 DEBUG - [54] Can't fit with font size fill, filling...
2021-04-27 18:05:00,485 DEBUG - [54] Can't fit with font size fill, filling...
2021-04-27 18:05:00,509 DEBUG - [54] Can't fit with font size fill, filling...
2021-04-27 18:05:00,544 DEBUG - [54] Can't fit with font size fill, filling...
2021-04-27 18:05:00,556 DEBUG - [54] Can't fit with font size fill, filling...
2021-04-27 18:05:00,582 DEBUG - [54] Can't fit with font size fill, filling...
2021-04-27 18:05:00,594 DEBUG - [54] Can't fit with font size fill, filling...
2021-04-27 18:05:00,603 DEBUG - [53] Can't fit with font size fill, filling...
2021-04-27 18:05:00,615 DEBUG - [54] Can't fit with font size fill, filling...
2021-04-27 18:05:00,629 DEBUG - [54] Can't fit with font size fill, filling...
2021-04-27 18:05:00,643 DEBUG - [54] Can't fit with font size fill, filling...
2021-04-27 18:05:00,726 DEBUG - [53] Can't fit with font size fill, filling...
2021-04-27 18:05:00,758 DEBUG - [54] Can't fit with font size fill, filling...
2021-04-27 18:05:00,806 DEBUG - [53] Can't fit with font size fill, filling...
2021-04-27 18:05:00,831 DEBUG - [53] Can't fit with font size fill, filling...
2021-04-27 18:05:00,851 DEBUG - [53] Can't fit with font size fill, filling...
2021-04-27 18:05:00,928 DEBUG - [53] Can't fit with font size fill, filling...
2021-04-27 18:05:01,062 DEBUG - [53] Can't fit with font size fill, filling...
2021-04-27 18:05:01,170 DEBUG - [53] Can't fit with font size fill, filling...
2021-04-27 18:05:01,246 DEBUG - [53] Can't fit with font size fill, filling...
2021-04-27 18:05:01,280 INFO - [54] Generated Image. Applying spoilers
2021-04-27 18:05:01,290 DEBUG - [53] Can't fit with font size fill, filling...
2021-04-27 18:05:01,349 DEBUG - [54] Running InvertCellBackground spoiler
2021-04-27 18:05:01,365 DEBUG - [54] Running Background with grey [220, 240]
2021-04-27 18:05:01,417 DEBUG - [54] Running Background with grey [220, 240]
2021-04-27 18:05:01,477 DEBUG - [53] Can't fit with font size fill, filling...
2021-04-27 18:05:01,546 DEBUG - [54] Running Background with grey [220, 240]
2021-04-27 18:05:01,609 DEBUG - [54] Running Background with grey [220, 240]
2021-04-27 18:05:01,638 DEBUG - [53] Can't fit with font size fill, filling...
2021-04-27 18:05:01,695 DEBUG - [53] Can't fit with font size fill, filling...
2021-04-27 18:05:01,748 DEBUG - [54] Running Background with grey [220, 240]
2021-04-27 18:05:01,775 DEBUG - [53] Can't fit with font size fill, filling...
2021-04-27 18:05:01,834 DEBUG - [54] Running Background with grey [220, 240]
2021-04-27 18:05:01,910 DEBUG - [54] Running Background with grey [220, 240]
2021-04-27 18:05:01,957 DEBUG - [54] Running InvertCellBackground spoiler
2021-04-27 18:05:01,994 DEBUG - [54] Running Background with grey [220, 240]
2021-04-27 18:05:02,043 DEBUG - [54] Running InvertCellBackground spoiler
2021-04-27 18:05:02,071 DEBUG - [54] Running Background with grey [220, 240]
2021-04-27 18:05:02,128 DEBUG - [54] Running Background with grey [220, 240]
2021-04-27 18:05:02,267 DEBUG - [54] Running Background with grey [220, 240]
2021-04-27 18:05:02,301 DEBUG - [54] Running Background with grey [220, 240]
2021-04-27 18:05:02,327 INFO - [53] Generated Image. Applying spoilers
2021-04-27 18:05:02,370 DEBUG - [54] Running Background with grey [220, 240]
2021-04-27 18:05:02,458 DEBUG - [54] Running Background with grey [220, 240]
2021-04-27 18:05:02,505 DEBUG - [53] Running InvertCellBackground spoiler
2021-04-27 18:05:02,526 DEBUG - [54] Running Background with grey [220, 240]
2021-04-27 18:05:02,577 DEBUG - [53] Running Background with grey [220, 240]
2021-04-27 18:05:02,676 DEBUG - [53] Running Background with grey [220, 240]
2021-04-27 18:05:02,766 DEBUG - [53] Running Background with grey [220, 240]
2021-04-27 18:05:02,864 DEBUG - [54] Running Blur with radius 2
2021-04-27 18:05:03,063 DEBUG - [54] Running Background with grey {'distribution': 'normal', 'mu': 350, 'sigma': 10, 'min': 220, 'max': 255}
2021-04-27 18:05:03,224 DEBUG - [53] Running Background with grey [220, 240]
2021-04-27 18:05:03,321 DEBUG - [53] Running Background with grey [220, 240]
2021-04-27 18:05:03,559 DEBUG - [53] Running Background with grey [220, 240]
2021-04-27 18:05:03,647 DEBUG - [53] Running InvertCellBackground spoiler
2021-04-27 18:05:03,716 DEBUG - [53] Running Background with grey [220, 240]
2021-04-27 18:05:03,791 DEBUG - [53] Running Background with grey [220, 240]
2021-04-27 18:05:03,980 DEBUG - [53] Running Background with grey [220, 240]
2021-04-27 18:05:04,070 DEBUG - [54] Running Blur with radius 3
2021-04-27 18:05:04,190 DEBUG - [54] Running JPEGCompression with quality: 49 and subsampling 1
2021-04-27 18:05:04,255 DEBUG - [53] Running Background with grey [220, 240]
2021-04-27 18:05:04,433 DEBUG - [53] Running Background with grey [220, 240]
2021-04-27 18:05:04,557 DEBUG - [53] Running InvertCellBackground spoiler
2021-04-27 18:05:04,784 DEBUG - [53] Running InvertCellBackground spoiler
2021-04-27 18:05:04,819 DEBUG - [53] Running Background with grey [220, 240]
2021-04-27 18:05:04,897 DEBUG - [53] Running Background with grey [220, 240]
2021-04-27 18:05:05,020 DEBUG - [53] Running Foreground with grey [120, 200]
2021-04-27 18:05:07,448 DEBUG - [53] Running WhiteNoise
2021-04-27 18:05:09,364 DEBUG - [53] Running Blur with radius 3
2021-04-27 18:05:09,484 DEBUG - [53] Running JPEGCompression with quality: 29 and subsampling 1
